This is pdfTeX, Version 3.141592653-2.6-1.40.22 (TeX Live 2022/dev/Debian) (preloaded format=pdflatex 2026.3.17)  24 JUN 2026 16:17
entering extended mode
 restricted \write18 enabled.
 %&-line parsing enabled.
**mypaper.tex
(./mypaper.tex
LaTeX2e <2021-11-15> patch level 1
L3 programming layer <2022-01-21>
(/usr/share/texlive/texmf-dist/tex/latex/elsarticle/elsarticle.cls
Document Class: elsarticle 2020/11/20, 3.3: Elsevier Ltd
(/usr/share/texlive/texmf-dist/tex/latex/l3kernel/expl3.sty
Package: expl3 2022-01-21 L3 programming layer (loader) 

(/usr/share/texlive/texmf-dist/tex/latex/l3backend/l3backend-pdftex.def
File: l3backend-pdftex.def 2022-01-12 L3 backend support: PDF output (pdfTeX)
\l__color_backend_stack_int=\count185
\l__pdf_internal_box=\box50
))
(/usr/share/texlive/texmf-dist/tex/latex/l3packages/xparse/xparse.sty
Package: xparse 2022-01-12 L3 Experimental document command parser
)
(/usr/share/texlive/texmf-dist/tex/latex/etoolbox/etoolbox.sty
Package: etoolbox 2020/10/05 v2.5k e-TeX tools for LaTeX (JAW)
\etb@tempcnta=\count186
)
\@bls=\dimen138

(/usr/share/texlive/texmf-dist/tex/latex/base/article.cls
Document Class: article 2021/10/04 v1.4n Standard LaTeX document class
(/usr/share/texlive/texmf-dist/tex/latex/base/size12.clo
File: size12.clo 2021/10/04 v1.4n Standard LaTeX file (size option)
)
\c@part=\count187
\c@section=\count188
\c@subsection=\count189
\c@subsubsection=\count190
\c@paragraph=\count191
\c@subparagraph=\count192
\c@figure=\count193
\c@table=\count194
\abovecaptionskip=\skip47
\belowcaptionskip=\skip48
\bibindent=\dimen139
)
(/usr/share/texlive/texmf-dist/tex/latex/graphics/graphicx.sty
Package: graphicx 2021/09/16 v1.2d Enhanced LaTeX Graphics (DPC,SPQR)

(/usr/share/texlive/texmf-dist/tex/latex/graphics/keyval.sty
Package: keyval 2014/10/28 v1.15 key=value parser (DPC)
\KV@toks@=\toks16
)
(/usr/share/texlive/texmf-dist/tex/latex/graphics/graphics.sty
Package: graphics 2021/03/04 v1.4d Standard LaTeX Graphics (DPC,SPQR)

(/usr/share/texlive/texmf-dist/tex/latex/graphics/trig.sty
Package: trig 2021/08/11 v1.11 sin cos tan (DPC)
)
(/usr/share/texlive/texmf-dist/tex/latex/graphics-cfg/graphics.cfg
File: graphics.cfg 2016/06/04 v1.11 sample graphics configuration
)
Package graphics Info: Driver file: pdftex.def on input line 107.

(/usr/share/texlive/texmf-dist/tex/latex/graphics-def/pdftex.def
File: pdftex.def 2020/10/05 v1.2a Graphics/color driver for pdftex
))
\Gin@req@height=\dimen140
\Gin@req@width=\dimen141
)
\c@tnote=\count195
\c@fnote=\count196
\c@cnote=\count197
\c@ead=\count198
\c@author=\count199
\@eadauthor=\toks17
\c@affn=\count266
\absbox=\box51
\elsarticlehighlightsbox=\box52
\elsarticlegrabsbox=\box53
\keybox=\box54
\Columnwidth=\dimen142
\space@left=\dimen143
\els@boxa=\box55
\els@boxb=\box56
\leftMargin=\dimen144
\@enLab=\toks18
\@sep=\skip49
\@@sep=\skip50

(./mypaper.spl) (/usr/share/texlive/texmf-dist/tex/latex/natbib/natbib.sty
Package: natbib 2010/09/13 8.31b (PWD, AO)
\bibhang=\skip51
\bibsep=\skip52
LaTeX Info: Redefining \cite on input line 694.
\c@NAT@ctr=\count267
)
\splwrite=\write3
\openout3 = `mypaper.spl'.

\appnamewidth=\dimen145
)
(/usr/share/texlive/texmf-dist/tex/latex/amsfonts/amssymb.sty
Package: amssymb 2013/01/14 v3.01 AMS font symbols

(/usr/share/texlive/texmf-dist/tex/latex/amsfonts/amsfonts.sty
Package: amsfonts 2013/01/14 v3.01 Basic AMSFonts support
\@emptytoks=\toks19
\symAMSa=\mathgroup4
\symAMSb=\mathgroup5
LaTeX Font Info:    Redeclaring math symbol \hbar on input line 98.
LaTeX Font Info:    Overwriting math alphabet `\mathfrak' in version `bold'
(Font)                  U/euf/m/n --> U/euf/b/n on input line 106.
))
(/usr/share/texlive/texmf-dist/tex/latex/amsmath/amsmath.sty
Package: amsmath 2021/10/15 v2.17l AMS math features
\@mathmargin=\skip53

For additional information on amsmath, use the `?' option.
(/usr/share/texlive/texmf-dist/tex/latex/amsmath/amstext.sty
Package: amstext 2021/08/26 v2.01 AMS text

(/usr/share/texlive/texmf-dist/tex/latex/amsmath/amsgen.sty
File: amsgen.sty 1999/11/30 v2.0 generic functions
\@emptytoks=\toks20
\ex@=\dimen146
))
(/usr/share/texlive/texmf-dist/tex/latex/amsmath/amsbsy.sty
Package: amsbsy 1999/11/29 v1.2d Bold Symbols
\pmbraise@=\dimen147
)
(/usr/share/texlive/texmf-dist/tex/latex/amsmath/amsopn.sty
Package: amsopn 2021/08/26 v2.02 operator names
)
\inf@bad=\count268
LaTeX Info: Redefining \frac on input line 234.
\uproot@=\count269
\leftroot@=\count270
LaTeX Info: Redefining \overline on input line 399.
\classnum@=\count271
\DOTSCASE@=\count272
LaTeX Info: Redefining \ldots on input line 496.
LaTeX Info: Redefining \dots on input line 499.
LaTeX Info: Redefining \cdots on input line 620.
\Mathstrutbox@=\box57
\strutbox@=\box58
\big@size=\dimen148
LaTeX Font Info:    Redeclaring font encoding OML on input line 743.
LaTeX Font Info:    Redeclaring font encoding OMS on input line 744.
\macc@depth=\count273
\c@MaxMatrixCols=\count274
\dotsspace@=\muskip16
\c@parentequation=\count275
\dspbrk@lvl=\count276
\tag@help=\toks21
\row@=\count277
\column@=\count278
\maxfields@=\count279
\andhelp@=\toks22
\eqnshift@=\dimen149
\alignsep@=\dimen150
\tagshift@=\dimen151
\tagwidth@=\dimen152
\totwidth@=\dimen153
\lineht@=\dimen154
\@envbody=\toks23
\multlinegap=\skip54
\multlinetaggap=\skip55
\mathdisplay@stack=\toks24
LaTeX Info: Redefining \[ on input line 2938.
LaTeX Info: Redefining \] on input line 2939.
)
(/usr/share/texlive/texmf-dist/tex/latex/hyperref/hyperref.sty
Package: hyperref 2021-06-07 v7.00m Hypertext links for LaTeX

(/usr/share/texlive/texmf-dist/tex/generic/ltxcmds/ltxcmds.sty
Package: ltxcmds 2020-05-10 v1.25 LaTeX kernel commands for general use (HO)
)
(/usr/share/texlive/texmf-dist/tex/generic/iftex/iftex.sty
Package: iftex 2020/03/06 v1.0d TeX engine tests
)
(/usr/share/texlive/texmf-dist/tex/generic/pdftexcmds/pdftexcmds.sty
Package: pdftexcmds 2020-06-27 v0.33 Utility functions of pdfTeX for LuaTeX (HO
)

(/usr/share/texlive/texmf-dist/tex/generic/infwarerr/infwarerr.sty
Package: infwarerr 2019/12/03 v1.5 Providing info/warning/error messages (HO)
)
Package pdftexcmds Info: \pdf@primitive is available.
Package pdftexcmds Info: \pdf@ifprimitive is available.
Package pdftexcmds Info: \pdfdraftmode found.
)
(/usr/share/texlive/texmf-dist/tex/generic/kvsetkeys/kvsetkeys.sty
Package: kvsetkeys 2019/12/15 v1.18 Key value parser (HO)
)
(/usr/share/texlive/texmf-dist/tex/generic/kvdefinekeys/kvdefinekeys.sty
Package: kvdefinekeys 2019-12-19 v1.6 Define keys (HO)
)
(/usr/share/texlive/texmf-dist/tex/generic/pdfescape/pdfescape.sty
Package: pdfescape 2019/12/09 v1.15 Implements pdfTeX's escape features (HO)
)
(/usr/share/texlive/texmf-dist/tex/latex/hycolor/hycolor.sty
Package: hycolor 2020-01-27 v1.10 Color options for hyperref/bookmark (HO)
)
(/usr/share/texlive/texmf-dist/tex/latex/letltxmacro/letltxmacro.sty
Package: letltxmacro 2019/12/03 v1.6 Let assignment for LaTeX macros (HO)
)
(/usr/share/texlive/texmf-dist/tex/latex/auxhook/auxhook.sty
Package: auxhook 2019-12-17 v1.6 Hooks for auxiliary files (HO)
)
(/usr/share/texlive/texmf-dist/tex/latex/kvoptions/kvoptions.sty
Package: kvoptions 2020-10-07 v3.14 Key value format for package options (HO)
)
\@linkdim=\dimen155
\Hy@linkcounter=\count280
\Hy@pagecounter=\count281

(/usr/share/texlive/texmf-dist/tex/latex/hyperref/pd1enc.def
File: pd1enc.def 2021-06-07 v7.00m Hyperref: PDFDocEncoding definition (HO)
Now handling font encoding PD1 ...
... no UTF-8 mapping file for font encoding PD1
)
(/usr/share/texlive/texmf-dist/tex/latex/hyperref/hyperref-langpatches.def
File: hyperref-langpatches.def 2021-06-07 v7.00m Hyperref: patches for babel la
nguages
)
(/usr/share/texlive/texmf-dist/tex/generic/intcalc/intcalc.sty
Package: intcalc 2019/12/15 v1.3 Expandable calculations with integers (HO)
)
(/usr/share/texlive/texmf-dist/tex/generic/etexcmds/etexcmds.sty
Package: etexcmds 2019/12/15 v1.7 Avoid name clashes with e-TeX commands (HO)
)
\Hy@SavedSpaceFactor=\count282

(/usr/share/texlive/texmf-dist/tex/latex/hyperref/puenc.def
File: puenc.def 2021-06-07 v7.00m Hyperref: PDF Unicode definition (HO)
Now handling font encoding PU ...
... no UTF-8 mapping file for font encoding PU
)
Package hyperref Info: Hyper figures OFF on input line 4192.
Package hyperref Info: Link nesting OFF on input line 4197.
Package hyperref Info: Hyper index ON on input line 4200.
Package hyperref Info: Plain pages OFF on input line 4207.
Package hyperref Info: Backreferencing OFF on input line 4212.
Package hyperref Info: Implicit mode ON; LaTeX internals redefined.
Package hyperref Info: Bookmarks ON on input line 4445.
\c@Hy@tempcnt=\count283

(/usr/share/texlive/texmf-dist/tex/latex/url/url.sty
\Urlmuskip=\muskip17
Package: url 2013/09/16  ver 3.4  Verb mode for urls, etc.
)
LaTeX Info: Redefining \url on input line 4804.
\XeTeXLinkMargin=\dimen156

(/usr/share/texlive/texmf-dist/tex/generic/bitset/bitset.sty
Package: bitset 2019/12/09 v1.3 Handle bit-vector datatype (HO)

(/usr/share/texlive/texmf-dist/tex/generic/bigintcalc/bigintcalc.sty
Package: bigintcalc 2019/12/15 v1.5 Expandable calculations on big integers (HO
)
))
\Fld@menulength=\count284
\Field@Width=\dimen157
\Fld@charsize=\dimen158
Package hyperref Info: Hyper figures OFF on input line 6076.
Package hyperref Info: Link nesting OFF on input line 6081.
Package hyperref Info: Hyper index ON on input line 6084.
Package hyperref Info: backreferencing OFF on input line 6091.
Package hyperref Info: Link coloring OFF on input line 6096.
Package hyperref Info: Link coloring with OCG OFF on input line 6101.
Package hyperref Info: PDF/A mode OFF on input line 6106.
LaTeX Info: Redefining \ref on input line 6146.
LaTeX Info: Redefining \pageref on input line 6150.

(/usr/share/texlive/texmf-dist/tex/latex/base/atbegshi-ltx.sty
Package: atbegshi-ltx 2021/01/10 v1.0c Emulation of the original atbegshi
package with kernel methods
)
\Hy@abspage=\count285
\c@Item=\count286
\c@Hfootnote=\count287
)
Package hyperref Info: Driver (autodetected): hpdftex.

(/usr/share/texlive/texmf-dist/tex/latex/hyperref/hpdftex.def
File: hpdftex.def 2021-06-07 v7.00m Hyperref driver for pdfTeX

(/usr/share/texlive/texmf-dist/tex/latex/base/atveryend-ltx.sty
Package: atveryend-ltx 2020/08/19 v1.0a Emulation of the original atveryend pac
kage
with kernel methods
)
\Fld@listcount=\count288
\c@bookmark@seq@number=\count289

(/usr/share/texlive/texmf-dist/tex/latex/rerunfilecheck/rerunfilecheck.sty
Package: rerunfilecheck 2019/12/05 v1.9 Rerun checks for auxiliary files (HO)

(/usr/share/texlive/texmf-dist/tex/generic/uniquecounter/uniquecounter.sty
Package: uniquecounter 2019/12/15 v1.4 Provide unlimited unique counter (HO)
)
Package uniquecounter Info: New unique counter `rerunfilecheck' on input line 2
86.
)
\Hy@SectionHShift=\skip56
)
(./mypaper.aux

LaTeX Warning: Label `fig:heatmap' multiply defined.


LaTeX Warning: Label `fig:heatmap' multiply defined.


LaTeX Warning: Label `fig:heatmap' multiply defined.

)
\openout1 = `mypaper.aux'.

LaTeX Font Info:    Checking defaults for OML/cmm/m/it on input line 55.
LaTeX Font Info:    ... okay on input line 55.
LaTeX Font Info:    Checking defaults for OMS/cmsy/m/n on input line 55.
LaTeX Font Info:    ... okay on input line 55.
LaTeX Font Info:    Checking defaults for OT1/cmr/m/n on input line 55.
LaTeX Font Info:    ... okay on input line 55.
LaTeX Font Info:    Checking defaults for T1/cmr/m/n on input line 55.
LaTeX Font Info:    ... okay on input line 55.
LaTeX Font Info:    Checking defaults for TS1/cmr/m/n on input line 55.
LaTeX Font Info:    ... okay on input line 55.
LaTeX Font Info:    Checking defaults for OMX/cmex/m/n on input line 55.
LaTeX Font Info:    ... okay on input line 55.
LaTeX Font Info:    Checking defaults for U/cmr/m/n on input line 55.
LaTeX Font Info:    ... okay on input line 55.
LaTeX Font Info:    Checking defaults for PD1/pdf/m/n on input line 55.
LaTeX Font Info:    ... okay on input line 55.
LaTeX Font Info:    Checking defaults for PU/pdf/m/n on input line 55.
LaTeX Font Info:    ... okay on input line 55.
 (/usr/share/texlive/texmf-dist/tex/context/base/mkii/supp-pdf.mkii
[Loading MPS to PDF converter (version 2006.09.02).]
\scratchcounter=\count290
\scratchdimen=\dimen159
\scratchbox=\box59
\nofMPsegments=\count291
\nofMParguments=\count292
\everyMPshowfont=\toks25
\MPscratchCnt=\count293
\MPscratchDim=\dimen160
\MPnumerator=\count294
\makeMPintoPDFobject=\count295
\everyMPtoPDFconversion=\toks26
) (/usr/share/texlive/texmf-dist/tex/latex/epstopdf-pkg/epstopdf-base.sty
Package: epstopdf-base 2020-01-24 v2.11 Base part for package epstopdf
Package epstopdf-base Info: Redefining graphics rule for `.eps' on input line 4
85.

(/usr/share/texlive/texmf-dist/tex/latex/latexconfig/epstopdf-sys.cfg
File: epstopdf-sys.cfg 2010/07/13 v1.3 Configuration of (r)epstopdf for TeX Liv
e
))
Package hyperref Info: Link coloring OFF on input line 55.

(/usr/share/texlive/texmf-dist/tex/latex/hyperref/nameref.sty
Package: nameref 2021-04-02 v2.47 Cross-referencing by name of section

(/usr/share/texlive/texmf-dist/tex/latex/refcount/refcount.sty
Package: refcount 2019/12/15 v3.6 Data extraction from label references (HO)
)
(/usr/share/texlive/texmf-dist/tex/generic/gettitlestring/gettitlestring.sty
Package: gettitlestring 2019/12/15 v1.6 Cleanup title references (HO)
)
\c@section@level=\count296
)
LaTeX Info: Redefining \ref on input line 55.
LaTeX Info: Redefining \pageref on input line 55.
LaTeX Info: Redefining \nameref on input line 55.

(./mypaper.out) (./mypaper.out)
\@outlinefile=\write4
\openout4 = `mypaper.out'.

LaTeX Font Info:    Trying to load font information for U+msa on input line 105
.

(/usr/share/texlive/texmf-dist/tex/latex/amsfonts/umsa.fd
File: umsa.fd 2013/01/14 v3.01 AMS symbols A
)
LaTeX Font Info:    Trying to load font information for U+msb on input line 105
.

(/usr/share/texlive/texmf-dist/tex/latex/amsfonts/umsb.fd
File: umsb.fd 2013/01/14 v3.01 AMS symbols B
)

Package hyperref Warning: Token not allowed in a PDF string (Unicode):
(hyperref)                removing `\<def>-command' on input line 138.


Package hyperref Warning: Token not allowed in a PDF string (Unicode):
(hyperref)                removing `\cnotenum' on input line 138.


Package hyperref Warning: Token not allowed in a PDF string (Unicode):
(hyperref)                removing `\<def>-command' on input line 138.


Package hyperref Warning: Token not allowed in a PDF string (Unicode):
(hyperref)                removing `\@corref' on input line 138.

[1

{/var/lib/texmf/fonts/map/pdftex/updmap/pdftex.map}] [2

]
Overfull \hbox (2.61108pt too wide) has occurred while \output is active
[] 
 []

pdfTeX warning (ext4): destination with the same identifier (name{page.1}) has 
been already used, duplicate ignored
<to be read again> 
                   \relax 
l.138 \end{frontmatter}
                        [1


]pdfTeX warning (ext4): destination with the same identifier (name{page.2}) has
 been already used, duplicate ignored
<to be read again> 
                   \relax 
l.138 \end{frontmatter}
                        [2] [3] [4] [5] [6] [7]
Overfull \hbox (0.21819pt too wide) in paragraph at lines 176--178
\OT1/cmr/m/n/12 col-umn mass by ac-count-ing for the at-mo-spheric bound-ary la
yer height (BLH).
 []

[8]

Package natbib Warning: Citation `spirtes2000causation' on page 9 undefined on 
input line 197.


Package natbib Warning: Citation `pearl2009causality' on page 9 undefined on in
put line 197.


Package natbib Warning: Citation `kalisch2007estimating' on page 9 undefined on
 input line 197.


Package natbib Warning: Citation `pearl2009causality' on page 9 undefined on in
put line 198.


Package natbib Warning: Citation `spirtes2000causation' on page 9 undefined on 
input line 199.


Package natbib Warning: Citation `fisher1924distribution' on page 9 undefined o
n input line 200.

[9]pdfTeX warning (ext4): destination with the same identifier (name{equation.2
.3}) has been already used, duplicate ignored
<to be read again> 
                   \relax 
l.201 \begin{equation}
                      pdfTeX warning (ext4): destination with the same identifi
er (name{equation.2.3}) has been already used, duplicate ignored
<to be read again> 
                   \relax 
l.201 \begin{equation}
                      pdfTeX warning (ext4): destination with the same identifi
er (name{equation.2.3}) has been already used, duplicate ignored
<to be read again> 
                   \relax 
l.201 \begin{equation}
                      pdfTeX warning (ext4): destination with the same identifi
er (name{equation.2.3}) has been already used, duplicate ignored
<to be read again> 
                   \relax 
l.201 \begin{equation}
                       [10]

Package natbib Warning: Citation `kalisch2007estimating' on page 11 undefined o
n input line 232.


Package natbib Warning: Citation `spirtes2000causation' on page 11 undefined on
 input line 233.


Package natbib Warning: Citation `kalisch2007estimating' on page 11 undefined o
n input line 233.

<picture/lstm.png, id=198, 1541.76pt x 1027.84pt>
File: picture/lstm.png Graphic file (type png)
<use picture/lstm.png>
Package pdftex.def Info: picture/lstm.png  used on input line 240.
(pdftex.def)             Requested size: 350.99762pt x 233.99864pt.

Overfull \hbox (9.68207pt too wide) in paragraph at lines 237--243
[]\OT1/cmr/m/n/12 Long short-term mem-ory (LSTM) is an ef-fi-cient gradient-bas
ed method [[]].
 []

[11] [12pdfTeX warning (ext4): destination with the same identifier (name{equat
ion.2.6}) has been already used, duplicate ignored
<argument> ...shipout:D \box_use:N \l_shipout_box 
                                                  \__shipout_drop_firstpage_...
l.262 \end{equation}
                    pdfTeX warning (ext4): destination with the same identifier
 (name{equation.2.6}) has been already used, duplicate ignored
<argument> ...shipout:D \box_use:N \l_shipout_box 
                                                  \__shipout_drop_firstpage_...
l.262 \end{equation}
                    pdfTeX warning (ext4): destination with the same identifier
 (name{equation.2.6}) has been already used, duplicate ignored
<argument> ...shipout:D \box_use:N \l_shipout_box 
                                                  \__shipout_drop_firstpage_...
l.262 \end{equation}
                     <./picture/lstm.png (PNG copy)>]pdfTeX warning (ext4): des
tination with the same identifier (name{equation.2.6}) has been already used, d
uplicate ignored
<to be read again> 
                   \relax 
l.263 \begin{equation}
                      pdfTeX warning (ext4): destination with the same identifi
er (name{equation.2.6}) has been already used, duplicate ignored
<to be read again> 
                   \relax 
l.263 \begin{equation}
                      pdfTeX warning (ext4): destination with the same identifi
er (name{equation.2.6}) has been already used, duplicate ignored
<to be read again> 
                   \relax 
l.263 \begin{equation}
                      pdfTeX warning (ext4): destination with the same identifi
er (name{equation.2.6}) has been already used, duplicate ignored
<to be read again> 
                   \relax 
l.263 \begin{equation}
                      
<picture/gru.jpeg, id=226, 1400.23125pt x 818.05624pt>
File: picture/gru.jpeg Graphic file (type jpg)
<use picture/gru.jpeg>
Package pdftex.def Info: picture/gru.jpeg  used on input line 272.
(pdftex.def)             Requested size: 350.99762pt x 205.06279pt.
pdfTeX warning (ext4): destination with the same identifier (name{equation.2.6}
) has been already used, duplicate ignored
<to be read again> 
                   \relax 
l.275 \begin{equation}
                      pdfTeX warning (ext4): destination with the same identifi
er (name{equation.2.6}) has been already used, duplicate ignored
<to be read again> 
                   \relax 
l.275 \begin{equation}
                      pdfTeX warning (ext4): destination with the same identifi
er (name{equation.2.6}) has been already used, duplicate ignored
<to be read again> 
                   \relax 
l.275 \begin{equation}
                      pdfTeX warning (ext4): destination with the same identifi
er (name{equation.2.6}) has been already used, duplicate ignored
<to be read again> 
                   \relax 
l.275 \begin{equation}
                      pdfTeX warning (ext4): destination with the same identifi
er (name{equation.2.6}) has been already used, duplicate ignored
<to be read again> 
                   \relax 
l.279 \begin{equation}
                      pdfTeX warning (ext4): destination with the same identifi
er (name{equation.2.6}) has been already used, duplicate ignored
<to be read again> 
                   \relax 
l.279 \begin{equation}
                      pdfTeX warning (ext4): destination with the same identifi
er (name{equation.2.6}) has been already used, duplicate ignored
<to be read again> 
                   \relax 
l.279 \begin{equation}
                      pdfTeX warning (ext4): destination with the same identifi
er (name{equation.2.6}) has been already used, duplicate ignored
<to be read again> 
                   \relax 
l.279 \begin{equation}
                      pdfTeX warning (ext4): destination with the same identifi
er (name{equation.2.6}) has been already used, duplicate ignored
<to be read again> 
                   \relax 
l.283 \begin{equation}
                      pdfTeX warning (ext4): destination with the same identifi
er (name{equation.2.6}) has been already used, duplicate ignored
<to be read again> 
                   \relax 
l.283 \begin{equation}
                      pdfTeX warning (ext4): destination with the same identifi
er (name{equation.2.6}) has been already used, duplicate ignored
<to be read again> 
                   \relax 
l.283 \begin{equation}
                      pdfTeX warning (ext4): destination with the same identifi
er (name{equation.2.6}) has been already used, duplicate ignored
<to be read again> 
                   \relax 
l.283 \begin{equation}
                       [13pdfTeX warning (ext4): destination with the same iden
tifier (name{equation.2.6}) has been already used, duplicate ignored
<argument> ...shipout:D \box_use:N \l_shipout_box 
                                                  \__shipout_drop_firstpage_...
l.286 \end{equation}
                     <./picture/gru.jpeg>]pdfTeX warning (ext4): destination wi
th the same identifier (name{equation.2.6}) has been already used, duplicate ig
nored
<to be read again> 
                   \relax 
l.287 \begin{equation}
                      pdfTeX warning (ext4): destination with the same identifi
er (name{equation.2.6}) has been already used, duplicate ignored
<to be read again> 
                   \relax 
l.287 \begin{equation}
                      pdfTeX warning (ext4): destination with the same identifi
er (name{equation.2.6}) has been already used, duplicate ignored
<to be read again> 
                   \relax 
l.287 \begin{equation}
                      pdfTeX warning (ext4): destination with the same identifi
er (name{equation.2.6}) has been already used, duplicate ignored
<to be read again> 
                   \relax 
l.287 \begin{equation}
                      

Package hyperref Warning: Token not allowed in a PDF string (Unicode):
(hyperref)                removing `math shift' on input line 294.


Package hyperref Warning: Token not allowed in a PDF string (Unicode):
(hyperref)                removing `superscript' on input line 294.


Package hyperref Warning: Token not allowed in a PDF string (Unicode):
(hyperref)                removing `math shift' on input line 294.

pdfTeX warning (ext4): destination with the same identifier (name{equation.2.6}
) has been already used, duplicate ignored
<to be read again> 
                   \relax 
l.296 \begin{equation}
                      pdfTeX warning (ext4): destination with the same identifi
er (name{equation.2.6}) has been already used, duplicate ignored
<to be read again> 
                   \relax 
l.296 \begin{equation}
                      pdfTeX warning (ext4): destination with the same identifi
er (name{equation.2.6}) has been already used, duplicate ignored
<to be read again> 
                   \relax 
l.296 \begin{equation}
                      pdfTeX warning (ext4): destination with the same identifi
er (name{equation.2.6}) has been already used, duplicate ignored
<to be read again> 
                   \relax 
l.296 \begin{equation}
                       [14] [15pdfTeX warning (ext4): destination with the same
 identifier (name{equation.2.7}) has been already used, duplicate ignored
<argument> ...shipout:D \box_use:N \l_shipout_box 
                                                  \__shipout_drop_firstpage_...
l.335 
      pdfTeX warning (ext4): destination with the same identifier (name{equatio
n.2.7}) has been already used, duplicate ignored
<argument> ...shipout:D \box_use:N \l_shipout_box 
                                                  \__shipout_drop_firstpage_...
l.335 
      ]
<./picture/grafik.png, id=254, 732.7375pt x 801.99625pt>
File: ./picture/grafik.png Graphic file (type png)
<use ./picture/grafik.png>
Package pdftex.def Info: ./picture/grafik.png  used on input line 350.
(pdftex.def)             Requested size: 195.0pt x 213.42133pt.
 [16]
<./picture/correlation_heatmap.pdf, id=262, 578.16pt x 505.89pt>
File: ./picture/correlation_heatmap.pdf Graphic file (type pdf)
<use ./picture/correlation_heatmap.pdf>
Package pdftex.def Info: ./picture/correlation_heatmap.pdf  used on input line 
363.
(pdftex.def)             Requested size: 272.99881pt x 238.87218pt.
 [17 <./picture/grafik.png>]
<./picture/peta.png, id=269, 1003.3485pt x 454.3374pt>
File: ./picture/peta.png Graphic file (type png)
<use ./picture/peta.png>
Package pdftex.def Info: ./picture/peta.png  used on input line 376.
(pdftex.def)             Requested size: 350.99762pt x 158.93727pt.


LaTeX Warning: Reference `fig:map' on page 18 undefined on input line 381.


Overfull \hbox (8.61253pt too wide) in paragraph at lines 381--382
\OT1/cmr/m/n/12 coun-try's di-verse pol-lu-tion regimes and ge-o-graphic set-ti
ngs: Jakarta, Surabaya,
 []

[18 <./picture/correlation_heatmap.pdf>]
Overfull \hbox (12.17221pt too wide) in paragraph at lines 383--384
\OT1/cmr/m/n/12 cal-ized val-i-da-tion, this frame-work pro-vides a ro-bust as-
sess-ment of deep learning-
 []

[19 <./picture/peta.png>] [20]
<./picture/grafik/1.png, id=333, 5256.63875pt x 8260.8625pt>
File: ./picture/grafik/1.png Graphic file (type png)
<use ./picture/grafik/1.png>
Package pdftex.def Info: ./picture/grafik/1.png  used on input line 396.
(pdftex.def)             Requested size: 390.0pt x 612.8573pt.


LaTeX Warning: Float too large for page by 86.1073pt on input line 398.

<./picture/grafik/2.png, id=334, 5242.58624pt x 5553.74875pt>
File: ./picture/grafik/2.png Graphic file (type png)
<use ./picture/grafik/2.png>
Package pdftex.def Info: ./picture/grafik/2.png  used on input line 402.
(pdftex.def)             Requested size: 390.0pt x 413.12346pt.
<./picture/eval.png, id=335, 1002.50536pt x 1146.80444pt>
File: ./picture/eval.png Graphic file (type png)
<use ./picture/eval.png>
Package pdftex.def Info: ./picture/eval.png  used on input line 408.
(pdftex.def)             Requested size: 350.99762pt x 401.51006pt.

Overfull \hbox (16.67633pt too wide) in paragraph at lines 414--415
\OT1/cmr/m/n/12 slightly tighter agree-ment with ob-served val-ues dur-ing nor-
mal pol-lu-tion episodes,
 []

[21] [22 <./picture/grafik/1.png>] [23 <./picture/grafik/2.png>] [24 <./picture
/eval.png>] (./mypaper.bbl [25]
Underfull \hbox (badness 4036) in paragraph at lines 76--85
[]\OT1/cmr/m/n/12 Badan Me-te-o-rologi, Kli-ma-tologi, dan Ge-ofisika, Catatan 
Ik-lim
 []


Underfull \hbox (badness 3668) in paragraph at lines 76--85
\OT1/cmr/m/n/12 dan Kual-i-tas Udara In-done-sia 2024, Tech-ni-cal Re-port, Bad
an
 []


Underfull \hbox (badness 4699) in paragraph at lines 76--85
\OT1/cmr/m/n/12 Me-te-o-rologi, Kli-ma-tologi, dan Ge-ofisika (BMKG), 2024. URL
:
 []


Underfull \hbox (badness 10000) in paragraph at lines 76--85
[]$\OT1/cmtt/m/n/12 https : / / iklim . bmkg . go . id / bmkgadmin / storage / 
buletin / Catatan %
 []

[26]
Underfull \hbox (badness 1331) in paragraph at lines 110--125
[]\OT1/cmr/m/n/12 B. Bell, H. Hers-bach, A. Sim-mons, P. Berris-ford, P. Dahlgr
en,
 []


Underfull \hbox (badness 10000) in paragraph at lines 136--141
\OT1/cmr/m/n/12 sia, 2022. []$\OT1/cmtt/m/n/12 https : / / ditppu . menlhk . go
 . id / portal / read / indeks -[]
 []


Underfull \hbox (badness 10000) in paragraph at lines 136--141
\OT1/cmtt/m/n/12 standar -[] pencemar -[] udara -[] ispu -[] sebagai -[] inform
asi -[] mutu -[] udara -[]
 []

[27] [28])

Package natbib Warning: There were undefined citations.

[29] (./mypaper.aux)

LaTeX Warning: There were undefined references.


LaTeX Warning: There were multiply-defined labels.

Package rerunfilecheck Info: File `mypaper.out' has not changed.
(rerunfilecheck)             Checksum: 3C5DC107B390465FEE013516626EA201;3524.
 ) 
Here is how much of TeX's memory you used:
 10749 strings out of 480247
 164297 string characters out of 5896151
 451631 words of memory out of 5000000
 28437 multiletter control sequences out of 15000+600000
 477925 words of font info for 62 fonts, out of 8000000 for 9000
 14 hyphenation exceptions out of 8191
 70i,9n,76p,1920b,574s stack positions out of 5000i,500n,10000p,200000b,80000s
{/usr/share/texmf/fonts/enc/dvips/cm-super/cm-super-ts1.enc}</usr/share/texli
ve/texmf-dist/fonts/type1/public/amsfonts/cm/cmbx12.pfb></usr/share/texlive/tex
mf-dist/fonts/type1/public/amsfonts/cm/cmex10.pfb></usr/share/texlive/texmf-dis
t/fonts/type1/public/amsfonts/cm/cmmi10.pfb></usr/share/texlive/texmf-dist/font
s/type1/public/amsfonts/cm/cmmi12.pfb></usr/share/texlive/texmf-dist/fonts/type
1/public/amsfonts/cm/cmmi8.pfb></usr/share/texlive/texmf-dist/fonts/type1/publi
c/amsfonts/cm/cmr10.pfb></usr/share/texlive/texmf-dist/fonts/type1/public/amsfo
nts/cm/cmr12.pfb></usr/share/texlive/texmf-dist/fonts/type1/public/amsfonts/cm/
cmr17.pfb></usr/share/texlive/texmf-dist/fonts/type1/public/amsfonts/cm/cmr7.pf
b></usr/share/texlive/texmf-dist/fonts/type1/public/amsfonts/cm/cmr8.pfb></usr/
share/texlive/texmf-dist/fonts/type1/public/amsfonts/cm/cmsy10.pfb></usr/share/
texlive/texmf-dist/fonts/type1/public/amsfonts/cm/cmsy7.pfb></usr/share/texlive
/texmf-dist/fonts/type1/public/amsfonts/cm/cmsy8.pfb></usr/share/texlive/texmf-
dist/fonts/type1/public/amsfonts/cm/cmti10.pfb></usr/share/texlive/texmf-dist/f
onts/type1/public/amsfonts/cm/cmti12.pfb></usr/share/texlive/texmf-dist/fonts/t
ype1/public/amsfonts/cm/cmti7.pfb></usr/share/texlive/texmf-dist/fonts/type1/pu
blic/amsfonts/cm/cmtt10.pfb></usr/share/texlive/texmf-dist/fonts/type1/public/a
msfonts/cm/cmtt12.pfb></usr/share/texmf/fonts/type1/public/cm-super/sfrm1200.pf
b>
Output written on mypaper.pdf (31 pages, 7928653 bytes).
PDF statistics:
 522 PDF objects out of 1000 (max. 8388607)
 396 compressed objects within 4 object streams
 105 named destinations out of 1000 (max. 500000)
 209 words of extra memory for PDF output out of 10000 (max. 10000000)

